<?xml version="1.0" encoding="UTF-8"?>
<!-- Generated by org.testng.reporters.JUnitReportReporter -->
<testsuite hostname="DESKTOP-A395QOR" failures="0" tests="1" name="runner.TestRunner" time="77.493" errors="0" timestamp="2023-09-16T01:52:36 IST" skipped="0">
  <testcase classname="runner.TestRunner" name="runScenario" time="77.493"/>
  <system-out/>
</testsuite> <!-- runner.TestRunner -->
